[debug] [2023-05-18T08:51:45.268Z] ----------------------------------------------------------------------
[debug] [2023-05-18T08:51:45.269Z] Command:       C:\Program Files\nodejs\node.exe C:\Users\LucasDormoy\AppData\Roaming\npm\node_modules\firebase-tools\lib\bin\firebase.js init
[debug] [2023-05-18T08:51:45.270Z] CLI Version:   12.0.1
[debug] [2023-05-18T08:51:45.270Z] Platform:      win32
[debug] [2023-05-18T08:51:45.270Z] Node Version:  v18.16.0
[debug] [2023-05-18T08:51:45.272Z] Time:          Thu May 18 2023 10:51:45 GMT+0200 (heure d’été d’Europe centrale)
[debug] [2023-05-18T08:51:45.272Z] ----------------------------------------------------------------------
[debug] 
[debug] [2023-05-18T08:51:45.280Z] > command requires scopes: ["email","openid","https://www.googleapis.com/auth/cloudplatformprojects.readonly","https://www.googleapis.com/auth/firebase","https://www.googleapis.com/auth/cloud-platform"]
[debug] [2023-05-18T08:51:45.281Z] > authorizing via signed-in user (luludorm@gmail.com)
[info] 
     ######## #### ########  ######## ########     ###     ######  ########
     ##        ##  ##     ## ##       ##     ##  ##   ##  ##       ##
     ######    ##  ########  ######   ########  #########  ######  ######
     ##        ##  ##    ##  ##       ##     ## ##     ##       ## ##
     ##       #### ##     ## ######## ########  ##     ##  ######  ########

You're about to initialize a Firebase project in this directory:

  C:\Users\LucasDormoy\Documents\Perso\EZO\site-ezo

[info] 
=== Project Setup
[info] 
[info] First, let's associate this project directory with a Firebase project.
[info] You can create multiple project aliases by running firebase use --add, 
[info] but for now we'll just set up a default project.
[info] 
[debug] [2023-05-18T08:52:34.482Z] >>> [apiv2][query] GET https://firebase.googleapis.com/v1beta1/projects pageSize=100
[debug] [2023-05-18T08:52:35.177Z] <<< [apiv2][status] GET https://firebase.googleapis.com/v1beta1/projects 200
[debug] [2023-05-18T08:52:35.178Z] <<< [apiv2][body] GET https://firebase.googleapis.com/v1beta1/projects [omitted]
[info] i  Using project compagnie-ezo-2468d (Compagnie EZO) 
[info] 
=== Hosting Setup
[info] 
[info] Your public directory is the folder (relative to your project directory) that
[info] will contain Hosting assets to be uploaded with firebase deploy. If you
[info] have a build process for your assets, use your build's output directory.
[info] 
[debug] [2023-05-18T08:53:09.202Z] >>> [apiv2][query] GET https://www.gstatic.com/firebasejs/releases.json [none]
[debug] [2023-05-18T08:53:09.305Z] <<< [apiv2][status] GET https://www.gstatic.com/firebasejs/releases.json 200
[debug] [2023-05-18T08:53:09.305Z] <<< [apiv2][body] GET https://www.gstatic.com/firebasejs/releases.json {"current":{"version":"9.22.0","browserURL":"https://www.gstatic.com/firebasejs/9.22.0/firebase.js","packageURL":"https://www.gstatic.com/firebasejs/9.22.0/firebase.tgz"},"live":{"version":"9.22","browserURL":"https://www.gstatic.com/firebasejs/live/9.22/firebase.js","packageURL":"https://www.gstatic.com/firebasejs/live/9.22/firebase.tgz"},"components":{"analytics":"https://www.gstatic.com/firebasejs/9.22.0/firebase-analytics.js","app":"https://www.gstatic.com/firebasejs/9.22.0/firebase-app.js","app-check":"https://www.gstatic.com/firebasejs/9.22.0/firebase-app-check.js","auth":"https://www.gstatic.com/firebasejs/9.22.0/firebase-auth.js","auth/cordova":"https://www.gstatic.com/firebasejs/9.22.0/firebase-auth/cordova.js","auth/react-native":"https://www.gstatic.com/firebasejs/9.22.0/firebase-auth/react-native.js","functions":"https://www.gstatic.com/firebasejs/9.22.0/firebase-functions.js","firestore":"https://www.gstatic.com/firebasejs/9.22.0/firebase-firestore.js","firestore/lite":"https://www.gstatic.com/firebasejs/9.22.0/firebase-firestore/lite.js","installations":"https://www.gstatic.com/firebasejs/9.22.0/firebase-installations.js","storage":"https://www.gstatic.com/firebasejs/9.22.0/firebase-storage.js","performance":"https://www.gstatic.com/firebasejs/9.22.0/firebase-performance.js","remote-config":"https://www.gstatic.com/firebasejs/9.22.0/firebase-remote-config.js","messaging":"https://www.gstatic.com/firebasejs/9.22.0/firebase-messaging.js","messaging/sw":"https://www.gstatic.com/firebasejs/9.22.0/firebase-messaging/sw.js","database":"https://www.gstatic.com/firebasejs/9.22.0/firebase-database.js","firestore.memory":"https://www.gstatic.com/firebasejs/9.22.0/firebase-firestore.memory.js"}}
[info] +  Wrote public/index.html 
[info] 
[info] i  Detected a .git folder at C:\Users\LucasDormoy\Documents\Perso\EZO\site-ezo 
[info] i  Authorizing with GitHub to upload your service account to a GitHub repository's secrets store. 
[info] 
[info] Visit this URL on this device to log in:
[info] https://github.com/login/oauth/authorize?client_id=89cf50f02ac6aaed3484&state=950638373&redirect_uri=http%3A%2F%2Flocalhost%3A9005&scope=read%3Auser%20repo%20public_repo
[info] 
[info] Waiting for authentication...
[debug] [2023-05-18T09:00:25.280Z] >>> [apiv2][query] POST https://github.com/login/oauth/access_token [none]
[debug] [2023-05-18T09:00:25.280Z] >>> [apiv2][body] POST https://github.com/login/oauth/access_token [stream]
[debug] [2023-05-18T09:00:25.537Z] <<< [apiv2][status] POST https://github.com/login/oauth/access_token 200
[debug] [2023-05-18T09:00:25.537Z] <<< [apiv2][body] POST https://github.com/login/oauth/access_token {"access_token":"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","token_type":"bearer","scope":"read:user,repo"}
[debug] [2023-05-18T09:00:25.556Z] >>> [apiv2][query] GET https://api.github.com/user [none]
[debug] [2023-05-18T09:00:25.897Z] <<< [apiv2][status] GET https://api.github.com/user 200
[debug] [2023-05-18T09:00:25.898Z] <<< [apiv2][body] GET https://api.github.com/user {"login":"lucas-dormoy1","id":133959129,"node_id":"U_kgDOB_wN2Q","avatar_url":"https://avatars.githubusercontent.com/u/133959129?v=4","gravatar_id":"","url":"https://api.github.com/users/lucas-dormoy1","html_url":"https://github.com/lucas-dormoy1","followers_url":"https://api.github.com/users/lucas-dormoy1/followers","following_url":"https://api.github.com/users/lucas-dormoy1/following{/other_user}","gists_url":"https://api.github.com/users/lucas-dormoy1/gists{/gist_id}","starred_url":"https://api.github.com/users/lucas-dormoy1/starred{/owner}{/repo}","subscriptions_url":"https://api.github.com/users/lucas-dormoy1/subscriptions","organizations_url":"https://api.github.com/users/lucas-dormoy1/orgs","repos_url":"https://api.github.com/users/lucas-dormoy1/repos","events_url":"https://api.github.com/users/lucas-dormoy1/events{/privacy}","received_events_url":"https://api.github.com/users/lucas-dormoy1/received_events","type":"User","site_admin":false,"name":null,"company":null,"blog":"","location":null,"email":null,"hireable":null,"bio":null,"twitter_username":null,"public_repos":0,"public_gists":0,"followers":0,"following":0,"created_at":"2023-05-18T08:57:56Z","updated_at":"2023-05-18T08:57:56Z","private_gists":0,"total_private_repos":0,"owned_private_repos":0,"disk_usage":0,"collaborators":0,"two_factor_authentication":false,"plan":{"name":"free","space":976562499,"collaborators":0,"private_repos":10000}}
[info] 
[info] +  Success! Logged into GitHub as lucas-dormoy1 
[info] 
